

================================================================
== Synthesis Summary Report of 'loop_functions'
================================================================
+ General Information: 
    * Date:           Mon Aug  2 06:09:49 2021
    * Version:        2020.2 (Build 3064766 on Wed Nov 18 09:12:45 MST 2020)
    * Project:        function_pipe_prj
    * Solution:       solution1 (Vivado IP Flow Target)
    * Product family: zynq
    * Target device:  xc7z020-clg400-1
    

+ Performance & Resource Estimates: 
    
    PS: '+' for module; 'o' for loop; '*' for dataflow
    +------------------+------+-------+---------+---------+----------+---------+------+----------+------+----+----------+-----------+-----+
    |      Modules     | Issue|       | Latency | Latency | Iteration|         | Trip |          |      |    |          |           |     |
    |      & Loops     | Type | Slack | (cycles)|   (ns)  |  Latency | Interval| Count| Pipelined| BRAM | DSP|    FF    |    LUT    | URAM|
    +------------------+------+-------+---------+---------+----------+---------+------+----------+------+----+----------+-----------+-----+
    |+ loop_functions  |     -|  -0.98|       66|  660.000|         -|       67|     -|        no|     -|   -|  57 (~0%)|  175 (~0%)|    -|
    | o SUM            |     -|  -7.30|       31|  310.000|         2|        1|    31|       yes|     -|   -|         -|          -|    -|
    | o SUM            |     -|  -7.30|       31|  310.000|         2|        1|    31|       yes|     -|   -|         -|          -|    -|
    +------------------+------+-------+---------+---------+----------+---------+------+----------+------+----+----------+-----------+-----+

