

================================================================
== Vitis HLS Report for 'loop_sequential_assert'
================================================================
* Date:           Sat Aug 14 18:06:07 2021

* Version:        2020.2 (Build 3064766 on Wed Nov 18 09:12:45 MST 2020)
* Project:        assertion_prj
* Solution:       solution2 (Vivado IP Flow Target)
* Product family: zynq
* Target device:  xc7z020-clg400-1


================================================================
== Performance Estimates
================================================================
+ Timing: 
    * Summary: 
    +--------+----------+----------+------------+
    |  Clock |  Target  | Estimated| Uncertainty|
    +--------+----------+----------+------------+
    |ap_clk  |  10.00 ns|  6.324 ns|     2.70 ns|
    +--------+----------+----------+------------+

+ Latency: 
    * Summary: 
    +---------+---------+-----------+----------+-----+-----+---------+
    |  Latency (cycles) |  Latency (absolute)  |  Interval | Pipeline|
    |   min   |   max   |    min    |    max   | min | max |   Type  |
    +---------+---------+-----------+----------+-----+-----+---------+
    |        6|       52|  60.000 ns|  0.520 us|    7|   53|     none|
    +---------+---------+-----------+----------+-----+-----+---------+

    + Detail: 
        * Instance: 
        N/A

        * Loop: 
        +----------+---------+---------+----------+-----------+-----------+--------+----------+
        |          |  Latency (cycles) | Iteration|  Initiation Interval  |  Trip  |          |
        | Loop Name|   min   |   max   |  Latency |  achieved |   target  |  Count | Pipelined|
        +----------+---------+---------+----------+-----------+-----------+--------+----------+
        |- SUM_X   |        1|       32|         2|          1|          1|  1 ~ 32|       yes|
        |- SUM_Y   |        1|       16|         2|          1|          1|  1 ~ 16|       yes|
        +----------+---------+---------+----------+-----------+-----------+--------+----------+



================================================================
== Utilization Estimates
================================================================
* Summary: 
+-----------------+---------+-----+--------+-------+-----+
|       Name      | BRAM_18K| DSP |   FF   |  LUT  | URAM|
+-----------------+---------+-----+--------+-------+-----+
|DSP              |        -|    -|       -|      -|    -|
|Expression       |        -|    -|       0|    107|    -|
|FIFO             |        -|    -|       -|      -|    -|
|Instance         |        -|    -|       -|      -|    -|
|Memory           |        -|    -|       -|      -|    -|
|Multiplexer      |        -|    -|       -|     95|    -|
|Register         |        -|    -|      69|      -|    -|
+-----------------+---------+-----+--------+-------+-----+
|Total            |        0|    0|      69|    202|    0|
+-----------------+---------+-----+--------+-------+-----+
|Available        |      280|  220|  106400|  53200|    0|
+-----------------+---------+-----+--------+-------+-----+
|Utilization (%)  |        0|    0|      ~0|     ~0|    0|
+-----------------+---------+-----+--------+-------+-----+

+ Detail: 
    * Instance: 
    N/A

    * DSP: 
    N/A

    * Memory: 
    N/A

    * FIFO: 
    N/A

    * Expression: 
    +-------------------------+----------+----+---+----+------------+------------+
    |      Variable Name      | Operation| DSP| FF| LUT| Bitwidth P0| Bitwidth P1|
    +-------------------------+----------+----+---+----+------------+------------+
    |X_accum_V_1_fu_212_p2    |         +|   0|  0|  14|          13|          13|
    |Y_accum_V_1_fu_256_p2    |         +|   0|  0|  12|          12|          12|
    |add_ln26_1_fu_192_p2     |         +|   0|  0|  14|           6|           1|
    |add_ln26_fu_186_p2       |         +|   0|  0|  14|           6|           1|
    |add_ln32_1_fu_236_p2     |         +|   0|  0|  13|           5|           1|
    |add_ln32_fu_230_p2       |         +|   0|  0|  13|           5|           1|
    |icmp_ln890_1_fu_242_p2   |      icmp|   0|  0|   9|           5|           5|
    |icmp_ln890_fu_198_p2     |      icmp|   0|  0|  10|           6|           6|
    |ap_enable_pp0            |       xor|   0|  0|   2|           1|           2|
    |ap_enable_pp1            |       xor|   0|  0|   2|           1|           2|
    |ap_enable_reg_pp0_iter1  |       xor|   0|  0|   2|           2|           1|
    |ap_enable_reg_pp1_iter1  |       xor|   0|  0|   2|           2|           1|
    +-------------------------+----------+----+---+----+------------+------------+
    |Total                    |          |   0|  0| 107|          64|          46|
    +-------------------------+----------+----+---+----+------------+------------+

    * Multiplexer: 
    +-------------------------+----+-----------+-----+-----------+
    |           Name          | LUT| Input Size| Bits| Total Bits|
    +-------------------------+----+-----------+-----+-----------+
    |X_accum_V_reg_143        |   9|          2|   13|         26|
    |Y_accum_V_reg_166        |   9|          2|   12|         24|
    |ap_NS_fsm                |  31|          6|    1|          6|
    |ap_enable_reg_pp0_iter1  |  14|          3|    1|          3|
    |ap_enable_reg_pp1_iter1  |  14|          3|    1|          3|
    |i_1_reg_155              |   9|          2|    5|         10|
    |i_reg_132                |   9|          2|    6|         12|
    +-------------------------+----+-----------+-----+-----------+
    |Total                    |  95|         20|   39|         84|
    +-------------------------+----+-----------+-----+-----------+

    * Register: 
    +-------------------------+----+----+-----+-----------+
    |           Name          | FF | LUT| Bits| Const Bits|
    +-------------------------+----+----+-----+-----------+
    |X_accum_V_reg_143        |  13|   0|   13|          0|
    |Y_accum_V_reg_166        |  12|   0|   12|          0|
    |add_ln26_reg_276         |   6|   0|    6|          0|
    |add_ln32_reg_305         |   5|   0|    5|          0|
    |ap_CS_fsm                |   5|   0|    5|          0|
    |ap_enable_reg_pp0_iter0  |   1|   0|    1|          0|
    |ap_enable_reg_pp0_iter1  |   1|   0|    1|          0|
    |ap_enable_reg_pp1_iter0  |   1|   0|    1|          0|
    |ap_enable_reg_pp1_iter1  |   1|   0|    1|          0|
    |i_1_cast_reg_319         |   5|   0|   64|         59|
    |i_1_reg_155              |   5|   0|    5|          0|
    |i_cast_reg_290           |   6|   0|   64|         58|
    |i_reg_132                |   6|   0|    6|          0|
    |icmp_ln890_1_reg_315     |   1|   0|    1|          0|
    |icmp_ln890_reg_286       |   1|   0|    1|          0|
    +-------------------------+----+----+-----+-----------+
    |Total                    |  69|   0|  186|        117|
    +-------------------------+----+----+-----+-----------+



================================================================
== Interface
================================================================
* Summary: 
+------------+-----+-----+------------+------------------------+--------------+
|  RTL Ports | Dir | Bits|  Protocol  |      Source Object     |    C Type    |
+------------+-----+-----+------------+------------------------+--------------+
|ap_clk      |   in|    1|  ap_ctrl_hs|  loop_sequential_assert|  return value|
|ap_rst      |   in|    1|  ap_ctrl_hs|  loop_sequential_assert|  return value|
|ap_start    |   in|    1|  ap_ctrl_hs|  loop_sequential_assert|  return value|
|ap_done     |  out|    1|  ap_ctrl_hs|  loop_sequential_assert|  return value|
|ap_idle     |  out|    1|  ap_ctrl_hs|  loop_sequential_assert|  return value|
|ap_ready    |  out|    1|  ap_ctrl_hs|  loop_sequential_assert|  return value|
|A_address0  |  out|    5|   ap_memory|                       A|         array|
|A_ce0       |  out|    1|   ap_memory|                       A|         array|
|A_q0        |   in|    8|   ap_memory|                       A|         array|
|B_address0  |  out|    5|   ap_memory|                       B|         array|
|B_ce0       |  out|    1|   ap_memory|                       B|         array|
|B_q0        |   in|    8|   ap_memory|                       B|         array|
|X_address0  |  out|    5|   ap_memory|                       X|         array|
|X_ce0       |  out|    1|   ap_memory|                       X|         array|
|X_we0       |  out|    1|   ap_memory|                       X|         array|
|X_d0        |  out|   16|   ap_memory|                       X|         array|
|Y_address0  |  out|    5|   ap_memory|                       Y|         array|
|Y_ce0       |  out|    1|   ap_memory|                       Y|         array|
|Y_we0       |  out|    1|   ap_memory|                       Y|         array|
|Y_d0        |  out|   16|   ap_memory|                       Y|         array|
|xlimit      |   in|    8|     ap_none|                  xlimit|        scalar|
|ylimit      |   in|    8|     ap_none|                  ylimit|        scalar|
+------------+-----+-----+------------+------------------------+--------------+

