

================================================================
== Synthesis Summary Report of 'arrayinput'
================================================================
+ General Information: 
    * Date:           Sat Sep  4 22:55:46 2021
    * Version:        2020.2 (Build 3064766 on Wed Nov 18 09:12:45 MST 2020)
    * Project:        arrayinput_prj
    * Solution:       solution2 (Vivado IP Flow Target)
    * Product family: zynq
    * Target device:  xc7z020-clg400-1
    

+ Performance & Resource Estimates: 
    
    PS: '+' for module; 'o' for loop; '*' for dataflow
    +--------------+------+-------+---------+---------+----------+---------+------+----------+------+----+-----------+-----------+-----+
    |    Modules   | Issue|       | Latency | Latency | Iteration|         | Trip |          |      |    |           |           |     |
    |    & Loops   | Type | Slack | (cycles)|   (ns)  |  Latency | Interval| Count| Pipelined| BRAM | DSP|     FF    |    LUT    | URAM|
    +--------------+------+-------+---------+---------+----------+---------+------+----------+------+----+-----------+-----------+-----+
    |+ arrayinput  |     -|  -0.74|       60|  600.000|         -|       61|     -|        no|     -|   -|  371 (~0%)|  1983 (3%)|    -|
    | o loop2      |     -|  -7.30|        4|   40.000|         1|        1|     4|       yes|     -|   -|          -|          -|    -|
    | o loop2      |     -|  -7.30|        4|   40.000|         1|        1|     4|       yes|     -|   -|          -|          -|    -|
    | o loop2      |     -|  -7.30|        4|   40.000|         1|        1|     4|       yes|     -|   -|          -|          -|    -|
    | o loop2      |     -|  -7.30|        4|   40.000|         1|        1|     4|       yes|     -|   -|          -|          -|    -|
    | o loop2      |     -|  -7.30|        4|   40.000|         1|        1|     4|       yes|     -|   -|          -|          -|    -|
    | o loop2      |     -|  -7.30|        4|   40.000|         1|        1|     4|       yes|     -|   -|          -|          -|    -|
    | o loop2      |     -|  -7.30|        4|   40.000|         1|        1|     4|       yes|     -|   -|          -|          -|    -|
    | o loop2      |     -|  -7.30|        4|   40.000|         1|        1|     4|       yes|     -|   -|          -|          -|    -|
    | o loop2      |     -|  -7.30|        4|   40.000|         1|        1|     4|       yes|     -|   -|          -|          -|    -|
    | o loop2      |     -|  -7.30|        4|   40.000|         1|        1|     4|       yes|     -|   -|          -|          -|    -|
    +--------------+------+-------+---------+---------+----------+---------+------+----------+------+----+-----------+-----------+-----+

