

================================================================
== Synthesis Summary Report of 'loop_functions'
================================================================
+ General Information: 
    * Date:           Mon Aug  2 06:13:27 2021
    * Version:        2020.2 (Build 3064766 on Wed Nov 18 09:12:45 MST 2020)
    * Project:        function_pipe_prj
    * Solution:       solution2 (Vivado IP Flow Target)
    * Product family: zynq
    * Target device:  xc7z020-clg400-1
    

+ Performance & Resource Estimates: 
    
    PS: '+' for module; 'o' for loop; '*' for dataflow
    +-----------------------+------+-------+---------+---------+----------+---------+------+----------+------+----+----------+-----------+-----+
    |        Modules        | Issue|       | Latency | Latency | Iteration|         | Trip |          |      |    |          |           |     |
    |        & Loops        | Type | Slack | (cycles)|   (ns)  |  Latency | Interval| Count| Pipelined| BRAM | DSP|    FF    |    LUT    | URAM|
    +-----------------------+------+-------+---------+---------+----------+---------+------+----------+------+----+----------+-----------+-----+
    |+ loop_functions       |     -|  -0.98|       34|  340.000|         -|       35|     -|        no|     -|   -|  62 (~0%)|  200 (~0%)|    -|
    | + grp_sub_func_fu_46  |     -|  -0.98|       33|  330.000|         -|       33|     -|        no|     -|   -|  29 (~0%)|   92 (~0%)|    -|
    |  o SUM                |     -|  -7.30|       31|  310.000|         2|        1|    31|       yes|     -|   -|         -|          -|    -|
    | + grp_sub_func_fu_56  |     -|  -0.98|       33|  330.000|         -|       33|     -|        no|     -|   -|  29 (~0%)|   92 (~0%)|    -|
    |  o SUM                |     -|  -7.30|       31|  310.000|         2|        1|    31|       yes|     -|   -|         -|          -|    -|
    +-----------------------+------+-------+---------+---------+----------+---------+------+----------+------+----+----------+-----------+-----+

