

================================================================
== Vitis HLS Report for 'sub_func'
================================================================
* Date:           Mon Aug  2 06:13:27 2021

* Version:        2020.2 (Build 3064766 on Wed Nov 18 09:12:45 MST 2020)
* Project:        function_pipe_prj
* Solution:       solution2 (Vivado IP Flow Target)
* Product family: zynq
* Target device:  xc7z020-clg400-1


================================================================
== Performance Estimates
================================================================
+ Timing: 
    * Summary: 
    +--------+----------+----------+------------+
    |  Clock |  Target  | Estimated| Uncertainty|
    +--------+----------+----------+------------+
    |ap_clk  |  10.00 ns|  6.324 ns|     2.70 ns|
    +--------+----------+----------+------------+

+ Latency: 
    * Summary: 
    +---------+---------+-----------+----------+-----+-----+---------+
    |  Latency (cycles) |  Latency (absolute)  |  Interval | Pipeline|
    |   min   |   max   |    min    |    max   | min | max |   Type  |
    +---------+---------+-----------+----------+-----+-----+---------+
    |        2|       33|  20.000 ns|  0.330 us|    2|   33|     none|
    +---------+---------+-----------+----------+-----+-----+---------+

    + Detail: 
        * Instance: 
        N/A

        * Loop: 
        +----------+---------+---------+----------+-----------+-----------+--------+----------+
        |          |  Latency (cycles) | Iteration|  Initiation Interval  |  Trip  |          |
        | Loop Name|   min   |   max   |  Latency |  achieved |   target  |  Count | Pipelined|
        +----------+---------+---------+----------+-----------+-----------+--------+----------+
        |- SUM     |        0|       31|         2|          1|          1|  0 ~ 31|       yes|
        +----------+---------+---------+----------+-----------+-----------+--------+----------+



================================================================
== Utilization Estimates
================================================================
* Summary: 
+-----------------+---------+-----+--------+-------+-----+
|       Name      | BRAM_18K| DSP |   FF   |  LUT  | URAM|
+-----------------+---------+-----+--------+-------+-----+
|DSP              |        -|    -|       -|      -|    -|
|Expression       |        -|    -|       0|     40|    -|
|FIFO             |        -|    -|       -|      -|    -|
|Instance         |        -|    -|       -|      -|    -|
|Memory           |        -|    -|       -|      -|    -|
|Multiplexer      |        -|    -|       -|     52|    -|
|Register         |        -|    -|      29|      -|    -|
+-----------------+---------+-----+--------+-------+-----+
|Total            |        0|    0|      29|     92|    0|
+-----------------+---------+-----+--------+-------+-----+
|Available        |      280|  220|  106400|  53200|    0|
+-----------------+---------+-----+--------+-------+-----+
|Utilization (%)  |        0|    0|      ~0|     ~0|    0|
+-----------------+---------+-----+--------+-------+-----+

+ Detail: 
    * Instance: 
    N/A

    * DSP: 
    N/A

    * Memory: 
    N/A

    * FIFO: 
    N/A

    * Expression: 
    +-------------------------+----------+----+---+----+------------+------------+
    |      Variable Name      | Operation| DSP| FF| LUT| Bitwidth P0| Bitwidth P1|
    +-------------------------+----------+----+---+----+------------+------------+
    |accum_V_1_fu_115_p2      |         +|   0|  0|  14|          13|          13|
    |add_ln23_fu_95_p2        |         +|   0|  0|  13|           5|           1|
    |icmp_ln878_fu_101_p2     |      icmp|   0|  0|   9|           5|           5|
    |ap_enable_pp0            |       xor|   0|  0|   2|           1|           2|
    |ap_enable_reg_pp0_iter1  |       xor|   0|  0|   2|           2|           1|
    +-------------------------+----------+----+---+----+------------+------------+
    |Total                    |          |   0|  0|  40|          26|          22|
    +-------------------------+----------+----+---+----+------------+------------+

    * Multiplexer: 
    +-------------------------+----+-----------+-----+-----------+
    |           Name          | LUT| Input Size| Bits| Total Bits|
    +-------------------------+----+-----------+-----+-----------+
    |accum_V_reg_83           |   9|          2|   13|         26|
    |ap_NS_fsm                |  20|          4|    1|          4|
    |ap_enable_reg_pp0_iter1  |  14|          3|    1|          3|
    |i_reg_72                 |   9|          2|    5|         10|
    +-------------------------+----+-----------+-----+-----------+
    |Total                    |  52|         11|   20|         43|
    +-------------------------+----+-----------+-----+-----------+

    * Register: 
    +-------------------------+----+----+-----+-----------+
    |           Name          | FF | LUT| Bits| Const Bits|
    +-------------------------+----+----+-----+-----------+
    |accum_V_reg_83           |  13|   0|   13|          0|
    |ap_CS_fsm                |   3|   0|    3|          0|
    |ap_enable_reg_pp0_iter0  |   1|   0|    1|          0|
    |ap_enable_reg_pp0_iter1  |   1|   0|    1|          0|
    |i_cast_reg_140           |   5|   0|   64|         59|
    |i_reg_72                 |   5|   0|    5|          0|
    |icmp_ln878_reg_136       |   1|   0|    1|          0|
    +-------------------------+----+----+-----+-----------+
    |Total                    |  29|   0|   88|         59|
    +-------------------------+----+----+-----+-----------+



================================================================
== Interface
================================================================
* Summary: 
+------------+-----+-----+------------+--------------+--------------+
|  RTL Ports | Dir | Bits|  Protocol  | Source Object|    C Type    |
+------------+-----+-----+------------+--------------+--------------+
|ap_clk      |   in|    1|  ap_ctrl_hs|      sub_func|  return value|
|ap_rst      |   in|    1|  ap_ctrl_hs|      sub_func|  return value|
|ap_start    |   in|    1|  ap_ctrl_hs|      sub_func|  return value|
|ap_done     |  out|    1|  ap_ctrl_hs|      sub_func|  return value|
|ap_idle     |  out|    1|  ap_ctrl_hs|      sub_func|  return value|
|ap_ready    |  out|    1|  ap_ctrl_hs|      sub_func|  return value|
|A_address0  |  out|    5|   ap_memory|             A|         array|
|A_ce0       |  out|    1|   ap_memory|             A|         array|
|A_q0        |   in|    8|   ap_memory|             A|         array|
|X_address0  |  out|    5|   ap_memory|             X|         array|
|X_ce0       |  out|    1|   ap_memory|             X|         array|
|X_we0       |  out|    1|   ap_memory|             X|         array|
|X_d0        |  out|   16|   ap_memory|             X|         array|
|limit       |   in|    5|     ap_none|         limit|        scalar|
+------------+-----+-----+------------+--------------+--------------+

