

================================================================
== Vitis HLS Report for 'loop_pipeline'
================================================================
* Date:           Mon Aug  2 08:58:06 2021

* Version:        2020.2 (Build 3064766 on Wed Nov 18 09:12:45 MST 2020)
* Project:        loop_pipe_prj
* Solution:       solution3 (Vivado IP Flow Target)
* Product family: zynq
* Target device:  xc7z020-clg400-1


================================================================
== Performance Estimates
================================================================
+ Timing: 
    * Summary: 
    +--------+----------+----------+------------+
    |  Clock |  Target  | Estimated| Uncertainty|
    +--------+----------+----------+------------+
    |ap_clk  |  10.00 ns|  7.282 ns|     2.70 ns|
    +--------+----------+----------+------------+

+ Latency: 
    * Summary: 
    +---------+---------+----------+----------+-----+-----+---------+
    |  Latency (cycles) |  Latency (absolute) |  Interval | Pipeline|
    |   min   |   max   |    min   |    max   | min | max |   Type  |
    +---------+---------+----------+----------+-----+-----+---------+
    |       20|       20|  0.200 us|  0.200 us|   10|   10|      yes|
    +---------+---------+----------+----------+-----+-----+---------+

    + Detail: 
        * Instance: 
        N/A

        * Loop: 
        N/A



================================================================
== Utilization Estimates
================================================================
* Summary: 
+-----------------+---------+-----+--------+-------+-----+
|       Name      | BRAM_18K| DSP |   FF   |  LUT  | URAM|
+-----------------+---------+-----+--------+-------+-----+
|DSP              |        -|   17|       -|      -|    -|
|Expression       |        -|    -|       0|   7807|    -|
|FIFO             |        -|    -|       -|      -|    -|
|Instance         |        -|    -|       -|      -|    -|
|Memory           |        -|    -|       -|      -|    -|
|Multiplexer      |        -|    -|       -|    204|    -|
|Register         |        -|    -|    2110|      -|    -|
+-----------------+---------+-----+--------+-------+-----+
|Total            |        0|   17|    2110|   8011|    0|
+-----------------+---------+-----+--------+-------+-----+
|Available        |      280|  220|  106400|  53200|    0|
+-----------------+---------+-----+--------+-------+-----+
|Utilization (%)  |        0|    7|       1|     15|    0|
+-----------------+---------+-----+--------+-------+-----+

+ Detail: 
    * Instance: 
    N/A

    * DSP: 
    +-----------------------------------------+-------------------------------------+---------------------+
    |                 Instance                |                Module               |      Expression     |
    +-----------------------------------------+-------------------------------------+---------------------+
    |ama_addmuladd_6s_5s_5ns_12ns_12_4_1_U14  |ama_addmuladd_6s_5s_5ns_12ns_12_4_1  |  i0 + (i1 + i2) * i3|
    |ama_addmuladd_6s_6s_6ns_12s_13_4_1_U9    |ama_addmuladd_6s_6s_6ns_12s_13_4_1   |  (i0 + i1) * i2 + i3|
    |ama_addmuladd_6s_6s_6ns_12s_13_4_1_U13   |ama_addmuladd_6s_6s_6ns_12s_13_4_1   |  i0 + (i1 + i2) * i3|
    |ama_addmuladd_7s_7s_5ns_11s_13_4_1_U12   |ama_addmuladd_7s_7s_5ns_11s_13_4_1   |  (i0 + i1) * i2 + i3|
    |ama_addmuladd_7s_7s_5ns_13ns_13_4_1_U16  |ama_addmuladd_7s_7s_5ns_13ns_13_4_1  |  i0 + (i1 + i2) * i3|
    |ama_addmuladd_7s_7s_6ns_13s_14_4_1_U15   |ama_addmuladd_7s_7s_6ns_13s_14_4_1   |  i0 + (i1 + i2) * i3|
    |ama_addmuladd_8s_8s_5ns_14s_14_4_1_U17   |ama_addmuladd_8s_8s_5ns_14s_14_4_1   |  (i0 + i1) * i2 + i3|
    |mac_muladd_5s_10s_10s_11_4_1_U4          |mac_muladd_5s_10s_10s_11_4_1         |         i0 + i1 * i2|
    |mac_muladd_5s_5ns_10ns_10_4_1_U5         |mac_muladd_5s_5ns_10ns_10_4_1        |         i0 * i1 + i2|
    |mac_muladd_5s_5ns_10ns_10_4_1_U6         |mac_muladd_5s_5ns_10ns_10_4_1        |         i0 + i1 * i2|
    |mac_muladd_5s_5ns_8s_10_4_1_U1           |mac_muladd_5s_5ns_8s_10_4_1          |         i0 + i1 * i2|
    |mac_muladd_5s_5ns_8s_10_4_1_U3           |mac_muladd_5s_5ns_8s_10_4_1          |         i0 + i1 * i2|
    |mac_muladd_5s_6ns_10s_11_4_1_U10         |mac_muladd_5s_6ns_10s_11_4_1         |         i0 + i1 * i2|
    |mac_muladd_5s_6ns_9s_11_4_1_U2           |mac_muladd_5s_6ns_9s_11_4_1          |         i0 + i1 * i2|
    |mac_muladd_5s_6ns_9s_11_4_1_U11          |mac_muladd_5s_6ns_9s_11_4_1          |         i0 + i1 * i2|
    |mac_muladd_6s_5ns_10s_11_4_1_U8          |mac_muladd_6s_5ns_10s_11_4_1         |         i0 * i1 + i2|
    |mac_muladd_6s_6ns_11s_12_4_1_U7          |mac_muladd_6s_6ns_11s_12_4_1         |         i0 * i1 + i2|
    +-----------------------------------------+-------------------------------------+---------------------+

    * Memory: 
    N/A

    * FIFO: 
    N/A

    * Expression: 
    +--------------------------+----------+----+---+----+------------+------------+
    |       Variable Name      | Operation| DSP| FF| LUT| Bitwidth P0| Bitwidth P1|
    +--------------------------+----------+----+---+----+------------+------------+
    |add_ln691_100_fu_6572_p2  |         +|   0|  0|  20|          13|          13|
    |add_ln691_101_fu_6578_p2  |         +|   0|  0|  20|          13|          13|
    |add_ln691_102_fu_3648_p2  |         +|   0|  0|  13|          10|          10|
    |add_ln691_103_fu_3658_p2  |         +|   0|  0|  12|          11|          11|
    |add_ln691_104_fu_3668_p2  |         +|   0|  0|  13|          10|          10|
    |add_ln691_105_fu_3678_p2  |         +|   0|  0|  13|          10|          10|
    |add_ln691_106_fu_3688_p2  |         +|   0|  0|  12|          11|          11|
    |add_ln691_107_fu_3698_p2  |         +|   0|  0|  12|          12|          12|
    |add_ln691_108_fu_3704_p2  |         +|   0|  0|  13|          10|          10|
    |add_ln691_109_fu_5727_p2  |         +|   0|  0|  12|          11|          11|
    |add_ln691_10_fu_3263_p2   |         +|   0|  0|  13|          10|          10|
    |add_ln691_110_fu_3710_p2  |         +|   0|  0|  13|          10|          10|
    |add_ln691_111_fu_3720_p2  |         +|   0|  0|  13|          10|          10|
    |add_ln691_112_fu_3730_p2  |         +|   0|  0|  12|          11|          11|
    |add_ln691_113_fu_5740_p2  |         +|   0|  0|  12|          12|          12|
    |add_ln691_114_fu_5750_p2  |         +|   0|  0|  14|          13|          13|
    |add_ln691_115_fu_6591_p2  |         +|   0|  0|  17|          14|          14|
    |add_ln691_116_fu_6777_p2  |         +|   0|  0|  20|          15|          15|
    |add_ln691_117_fu_6824_p2  |         +|   0|  0|  20|          20|          20|
    |add_ln691_118_fu_3736_p2  |         +|   0|  0|  13|          10|          10|
    |add_ln691_119_fu_3745_p2  |         +|   0|  0|  12|          11|          11|
    |add_ln691_11_fu_3272_p2   |         +|   0|  0|  12|          11|          11|
    |add_ln691_120_fu_3751_p2  |         +|   0|  0|  13|          10|          10|
    |add_ln691_121_fu_3759_p2  |         +|   0|  0|  13|          10|          10|
    |add_ln691_122_fu_3768_p2  |         +|   0|  0|  12|          11|          11|
    |add_ln691_123_fu_5762_p2  |         +|   0|  0|  12|          12|          12|
    |add_ln691_124_fu_3774_p2  |         +|   0|  0|  13|          10|          10|
    |add_ln691_125_fu_3784_p2  |         +|   0|  0|  13|          10|          10|
    |add_ln691_126_fu_3794_p2  |         +|   0|  0|  12|          11|          11|
    |add_ln691_127_fu_3804_p2  |         +|   0|  0|  13|          10|          10|
    |add_ln691_128_fu_3814_p2  |         +|   0|  0|  13|          10|          10|
    |add_ln691_129_fu_3824_p2  |         +|   0|  0|  12|          11|          11|
    |add_ln691_12_fu_3282_p2   |         +|   0|  0|  12|          12|          12|
    |add_ln691_130_fu_3834_p2  |         +|   0|  0|  12|          12|          12|
    |add_ln691_131_fu_5775_p2  |         +|   0|  0|  14|          13|          13|
    |add_ln691_132_fu_3840_p2  |         +|   0|  0|  13|          10|          10|
    |add_ln691_133_fu_3850_p2  |         +|   0|  0|  12|          11|          11|
    |add_ln691_134_fu_3856_p2  |         +|   0|  0|  13|          10|          10|
    |add_ln691_135_fu_3865_p2  |         +|   0|  0|  13|          10|          10|
    |add_ln691_136_fu_3875_p2  |         +|   0|  0|  12|          11|          11|
    |add_ln691_137_fu_5791_p2  |         +|   0|  0|  12|          12|          12|
    |add_ln691_138_fu_3881_p2  |         +|   0|  0|  13|          10|          10|
    |add_ln691_139_fu_3889_p2  |         +|   0|  0|  13|          10|          10|
    |add_ln691_13_fu_6537_p2   |         +|   0|  0|  20|          20|          20|
    |add_ln691_140_fu_3897_p2  |         +|   0|  0|  12|          11|          11|
    |add_ln691_141_fu_3907_p2  |         +|   0|  0|  14|           7|           7|
    |add_ln691_142_fu_3916_p2  |         +|   0|  0|  20|          10|          10|
    |add_ln691_143_fu_3921_p2  |         +|   0|  0|  20|          10|          10|
    |add_ln691_144_fu_3931_p2  |         +|   0|  0|  12|          12|          12|
    |add_ln691_145_fu_5804_p2  |         +|   0|  0|  14|          13|          13|
    |add_ln691_146_fu_5814_p2  |         +|   0|  0|  17|          14|          14|
    |add_ln691_147_fu_3937_p2  |         +|   0|  0|  13|          10|          10|
    |add_ln691_148_fu_3947_p2  |         +|   0|  0|  12|          11|          11|
    |add_ln691_149_fu_3953_p2  |         +|   0|  0|  13|          10|          10|
    |add_ln691_14_fu_3288_p2   |         +|   0|  0|  14|           7|           7|
    |add_ln691_150_fu_3963_p2  |         +|   0|  0|  13|          10|          10|
    |add_ln691_151_fu_3973_p2  |         +|   0|  0|  12|          11|          11|
    |add_ln691_152_fu_5826_p2  |         +|   0|  0|  20|          12|          12|
    |add_ln691_153_fu_3979_p2  |         +|   0|  0|  13|          10|          10|
    |add_ln691_154_fu_3989_p2  |         +|   0|  0|  13|          10|          10|
    |add_ln691_155_fu_3999_p2  |         +|   0|  0|  20|          11|          11|
    |add_ln691_156_fu_966_p2   |         +|   0|  0|  20|          10|          10|
    |add_ln691_157_fu_972_p2   |         +|   0|  0|  14|           7|           7|
    |add_ln691_158_fu_982_p2   |         +|   0|  0|  20|          10|          10|
    |add_ln691_159_fu_4008_p2  |         +|   0|  0|  20|          11|          11|
    |add_ln691_15_fu_3298_p2   |         +|   0|  0|  15|           8|           8|
    |add_ln691_160_fu_5835_p2  |         +|   0|  0|  20|          12|          12|
    |add_ln691_161_fu_4014_p2  |         +|   0|  0|  14|           7|           7|
    |add_ln691_162_fu_4024_p2  |         +|   0|  0|  15|           8|           8|
    |add_ln691_163_fu_4034_p2  |         +|   0|  0|  14|           7|           7|
    |add_ln691_164_fu_4044_p2  |         +|   0|  0|  14|           7|           7|
    |add_ln691_165_fu_4054_p2  |         +|   0|  0|  15|           8|           8|
    |add_ln691_166_fu_4064_p2  |         +|   0|  0|  14|           9|           9|
    |add_ln691_167_fu_4070_p2  |         +|   0|  0|  14|           7|           7|
    |add_ln691_168_fu_4080_p2  |         +|   0|  0|  14|           7|           7|
    |add_ln691_169_fu_4090_p2  |         +|   0|  0|  15|           8|           8|
    |add_ln691_16_fu_3304_p2   |         +|   0|  0|  13|          10|          10|
    |add_ln691_170_fu_4096_p2  |         +|   0|  0|  14|           7|           7|
    |add_ln691_171_fu_4102_p2  |         +|   0|  0|  14|           7|           7|
    |add_ln691_172_fu_5857_p2  |         +|   0|  0|  15|           8|           8|
    |add_ln691_173_fu_5867_p2  |         +|   0|  0|  14|           9|           9|
    |add_ln691_174_fu_5877_p2  |         +|   0|  0|  13|          10|          10|
    |add_ln691_175_fu_5887_p2  |         +|   0|  0|  14|          13|          13|
    |add_ln691_176_fu_6734_p2  |         +|   0|  0|  20|          15|          15|
    |add_ln691_177_fu_4108_p2  |         +|   0|  0|  20|           8|           8|
    |add_ln691_178_fu_5896_p2  |         +|   0|  0|  14|           9|           9|
    |add_ln691_179_fu_4114_p2  |         +|   0|  0|  20|           8|           8|
    |add_ln691_180_fu_4120_p2  |         +|   0|  0|  14|           9|           9|
    |add_ln691_181_fu_5911_p2  |         +|   0|  0|  20|          10|          10|
    |add_ln691_182_fu_5917_p2  |         +|   0|  0|  20|          10|          10|
    |add_ln691_183_fu_4126_p2  |         +|   0|  0|  14|           9|           9|
    |add_ln691_184_fu_4136_p2  |         +|   0|  0|  14|           9|           9|
    |add_ln691_185_fu_4146_p2  |         +|   0|  0|  13|          10|          10|
    |add_ln691_186_fu_4152_p2  |         +|   0|  0|  14|           9|           9|
    |add_ln691_187_fu_4162_p2  |         +|   0|  0|  14|           9|           9|
    |add_ln691_188_fu_4172_p2  |         +|   0|  0|  13|          10|          10|
    |add_ln691_189_fu_5933_p2  |         +|   0|  0|  12|          11|          11|
    |add_ln691_18_fu_5621_p2   |         +|   0|  0|  20|          11|          11|
    |add_ln691_190_fu_5943_p2  |         +|   0|  0|  12|          12|          12|
    |add_ln691_191_fu_4178_p2  |         +|   0|  0|  20|           9|           9|
    |add_ln691_192_fu_4184_p2  |         +|   0|  0|  20|           9|           9|
    |add_ln691_193_fu_4190_p2  |         +|   0|  0|  14|           9|           9|
    |add_ln691_194_fu_4196_p2  |         +|   0|  0|  14|           9|           9|
    |add_ln691_195_fu_5958_p2  |         +|   0|  0|  13|          10|          10|
    |add_ln691_196_fu_5968_p2  |         +|   0|  0|  12|          11|          11|
    |add_ln691_197_fu_4202_p2  |         +|   0|  0|  14|           9|           9|
    |add_ln691_198_fu_4212_p2  |         +|   0|  0|  15|           8|           8|
    |add_ln691_199_fu_4222_p2  |         +|   0|  0|  13|          10|          10|
    |add_ln691_19_fu_5626_p2   |         +|   0|  0|  20|          11|          11|
    |add_ln691_1_fu_5600_p2    |         +|   0|  0|  20|          20|          20|
    |add_ln691_200_fu_4228_p2  |         +|   0|  0|  15|           8|           8|
    |add_ln691_201_fu_4238_p2  |         +|   0|  0|  15|           8|           8|
    |add_ln691_202_fu_4248_p2  |         +|   0|  0|  14|           9|           9|
    |add_ln691_203_fu_5984_p2  |         +|   0|  0|  12|          11|          11|
    |add_ln691_204_fu_5994_p2  |         +|   0|  0|  12|          12|          12|
    |add_ln691_205_fu_6603_p2  |         +|   0|  0|  20|          13|          13|
    |add_ln691_206_fu_4254_p2  |         +|   0|  0|  15|           8|           8|
    |add_ln691_207_fu_4264_p2  |         +|   0|  0|  14|           9|           9|
    |add_ln691_208_fu_4274_p2  |         +|   0|  0|  15|           8|           8|
    |add_ln691_209_fu_4284_p2  |         +|   0|  0|  15|           8|           8|
    |add_ln691_210_fu_4294_p2  |         +|   0|  0|  14|           9|           9|
    |add_ln691_211_fu_4304_p2  |         +|   0|  0|  13|          10|          10|
    |add_ln691_212_fu_4310_p2  |         +|   0|  0|  15|           8|           8|
    |add_ln691_213_fu_4320_p2  |         +|   0|  0|  15|           8|           8|
    |add_ln691_214_fu_4330_p2  |         +|   0|  0|  14|           9|           9|
    |add_ln691_215_fu_4336_p2  |         +|   0|  0|  15|           8|           8|
    |add_ln691_216_fu_4346_p2  |         +|   0|  0|  15|           8|           8|
    |add_ln691_217_fu_4356_p2  |         +|   0|  0|  14|           9|           9|
    |add_ln691_218_fu_6009_p2  |         +|   0|  0|  13|          10|          10|
    |add_ln691_219_fu_6019_p2  |         +|   0|  0|  12|          11|          11|
    |add_ln691_21_fu_413_p2    |         +|   0|  0|  14|           6|           6|
    |add_ln691_220_fu_4362_p2  |         +|   0|  0|  15|           8|           8|
    |add_ln691_221_fu_4372_p2  |         +|   0|  0|  14|           9|           9|
    |add_ln691_222_fu_4382_p2  |         +|   0|  0|  15|           8|           8|
    |add_ln691_223_fu_4392_p2  |         +|   0|  0|  15|           8|           8|
    |add_ln691_224_fu_4402_p2  |         +|   0|  0|  14|           9|           9|
    |add_ln691_225_fu_4412_p2  |         +|   0|  0|  13|          10|          10|
    |add_ln691_226_fu_4418_p2  |         +|   0|  0|  15|           8|           8|
    |add_ln691_227_fu_4428_p2  |         +|   0|  0|  15|           8|           8|
    |add_ln691_228_fu_4438_p2  |         +|   0|  0|  14|           9|           9|
    |add_ln691_229_fu_4444_p2  |         +|   0|  0|  15|           8|           8|
    |add_ln691_230_fu_4454_p2  |         +|   0|  0|  15|           8|           8|
    |add_ln691_231_fu_4464_p2  |         +|   0|  0|  14|           9|           9|
    |add_ln691_232_fu_6038_p2  |         +|   0|  0|  13|          10|          10|
    |add_ln691_233_fu_6048_p2  |         +|   0|  0|  12|          11|          11|
    |add_ln691_234_fu_6058_p2  |         +|   0|  0|  12|          12|          12|
    |add_ln691_235_fu_6612_p2  |         +|   0|  0|  20|          13|          13|
    |add_ln691_236_fu_6743_p2  |         +|   0|  0|  20|          15|          15|
    |add_ln691_237_fu_6867_p2  |         +|   0|  0|  20|          20|          20|
    |add_ln691_238_fu_4470_p2  |         +|   0|  0|  20|           9|           9|
    |add_ln691_239_fu_6067_p2  |         +|   0|  0|  13|          10|          10|
    |add_ln691_23_fu_557_p2    |         +|   0|  0|  14|           6|           6|
    |add_ln691_240_fu_4476_p2  |         +|   0|  0|  20|           9|           9|
    |add_ln691_241_fu_4482_p2  |         +|   0|  0|  13|          10|          10|
    |add_ln691_242_fu_6082_p2  |         +|   0|  0|  20|          11|          11|
    |add_ln691_243_fu_6088_p2  |         +|   0|  0|  20|          11|          11|
    |add_ln691_244_fu_4488_p2  |         +|   0|  0|  13|          10|          10|
    |add_ln691_245_fu_4498_p2  |         +|   0|  0|  13|          10|          10|
    |add_ln691_246_fu_4508_p2  |         +|   0|  0|  12|          11|          11|
    |add_ln691_247_fu_4518_p2  |         +|   0|  0|  13|          10|          10|
    |add_ln691_248_fu_4528_p2  |         +|   0|  0|  13|          10|          10|
    |add_ln691_249_fu_4538_p2  |         +|   0|  0|  12|          11|          11|
    |add_ln691_24_fu_567_p2    |         +|   0|  0|  14|           6|           6|
    |add_ln691_250_fu_4548_p2  |         +|   0|  0|  12|          12|          12|
    |add_ln691_251_fu_6101_p2  |         +|   0|  0|  14|          13|          13|
    |add_ln691_252_fu_4554_p2  |         +|   0|  0|  20|          10|          10|
    |add_ln691_253_fu_4560_p2  |         +|   0|  0|  20|          10|          10|
    |add_ln691_254_fu_4566_p2  |         +|   0|  0|  13|          10|          10|
    |add_ln691_255_fu_4572_p2  |         +|   0|  0|  13|          10|          10|
    |add_ln691_256_fu_6116_p2  |         +|   0|  0|  12|          11|          11|
    |add_ln691_257_fu_6126_p2  |         +|   0|  0|  12|          12|          12|
    |add_ln691_258_fu_4578_p2  |         +|   0|  0|  13|          10|          10|
    |add_ln691_259_fu_4588_p2  |         +|   0|  0|  13|          10|          10|
    |add_ln691_260_fu_4598_p2  |         +|   0|  0|  12|          11|          11|
    |add_ln691_261_fu_4608_p2  |         +|   0|  0|  13|          10|          10|
    |add_ln691_262_fu_4618_p2  |         +|   0|  0|  13|          10|          10|
    |add_ln691_263_fu_4628_p2  |         +|   0|  0|  12|          11|          11|
    |add_ln691_264_fu_4638_p2  |         +|   0|  0|  12|          12|          12|
    |add_ln691_265_fu_6139_p2  |         +|   0|  0|  14|          13|          13|
    |add_ln691_266_fu_6624_p2  |         +|   0|  0|  17|          14|          14|
    |add_ln691_267_fu_988_p2   |         +|   0|  0|  20|          10|          10|
    |add_ln691_268_fu_994_p2   |         +|   0|  0|  20|          10|          10|
    |add_ln691_269_fu_1000_p2  |         +|   0|  0|  13|          10|          10|
    |add_ln691_270_fu_1006_p2  |         +|   0|  0|  13|          10|          10|
    |add_ln691_271_fu_4653_p2  |         +|   0|  0|  20|          11|          11|
    |add_ln691_272_fu_4659_p2  |         +|   0|  0|  20|          11|          11|
    |add_ln691_273_fu_4665_p2  |         +|   0|  0|  13|          10|          10|
    |add_ln691_274_fu_4671_p2  |         +|   0|  0|  13|          10|          10|
    |add_ln691_275_fu_6154_p2  |         +|   0|  0|  12|          11|          11|
    |add_ln691_276_fu_4677_p2  |         +|   0|  0|  13|          10|          10|
    |add_ln691_277_fu_4687_p2  |         +|   0|  0|  14|           9|           9|
    |add_ln691_278_fu_4697_p2  |         +|   0|  0|  12|          11|          11|
    |add_ln691_279_fu_6167_p2  |         +|   0|  0|  12|          12|          12|
    |add_ln691_27_fu_6545_p2   |         +|   0|  0|  14|          13|          13|
    |add_ln691_280_fu_6177_p2  |         +|   0|  0|  20|          13|          13|
    |add_ln691_281_fu_4703_p2  |         +|   0|  0|  14|           9|           9|
    |add_ln691_282_fu_4713_p2  |         +|   0|  0|  13|          10|          10|
    |add_ln691_283_fu_4723_p2  |         +|   0|  0|  14|           9|           9|
    |add_ln691_284_fu_4732_p2  |         +|   0|  0|  14|           9|           9|
    |add_ln691_285_fu_4741_p2  |         +|   0|  0|  13|          10|          10|
    |add_ln691_286_fu_4751_p2  |         +|   0|  0|  12|          11|          11|
    |add_ln691_287_fu_4757_p2  |         +|   0|  0|  14|           9|           9|
    |add_ln691_288_fu_4765_p2  |         +|   0|  0|  14|           9|           9|
    |add_ln691_289_fu_4773_p2  |         +|   0|  0|  13|          10|          10|
    |add_ln691_28_fu_6554_p2   |         +|   0|  0|  20|          20|          20|
    |add_ln691_290_fu_4779_p2  |         +|   0|  0|  14|           9|           9|
    |add_ln691_291_fu_4788_p2  |         +|   0|  0|  14|           9|           9|
    |add_ln691_292_fu_4798_p2  |         +|   0|  0|  13|          10|          10|
    |add_ln691_293_fu_6192_p2  |         +|   0|  0|  12|          11|          11|
    |add_ln691_294_fu_6202_p2  |         +|   0|  0|  12|          12|          12|
    |add_ln691_295_fu_6212_p2  |         +|   0|  0|  20|          13|          13|
    |add_ln691_296_fu_6637_p2  |         +|   0|  0|  20|          15|          15|
    |add_ln691_297_fu_4804_p2  |         +|   0|  0|  14|           9|           9|
    |add_ln691_298_fu_4814_p2  |         +|   0|  0|  13|          10|          10|
    |add_ln691_299_fu_4819_p2  |         +|   0|  0|  14|           9|           9|
    |add_ln691_29_fu_620_p2    |         +|   0|  0|  14|           6|           6|
    |add_ln691_2_fu_3197_p2    |         +|   0|  0|  13|          10|          10|
    |add_ln691_300_fu_4829_p2  |         +|   0|  0|  14|           9|           9|
    |add_ln691_301_fu_4839_p2  |         +|   0|  0|  13|          10|          10|
    |add_ln691_302_fu_6224_p2  |         +|   0|  0|  12|          11|          11|
    |add_ln691_303_fu_4845_p2  |         +|   0|  0|  14|           9|           9|
    |add_ln691_304_fu_4855_p2  |         +|   0|  0|  14|           9|           9|
    |add_ln691_305_fu_4864_p2  |         +|   0|  0|  13|          10|          10|
    |add_ln691_306_fu_4874_p2  |         +|   0|  0|  14|           9|           9|
    |add_ln691_307_fu_4882_p2  |         +|   0|  0|  14|           9|           9|
    |add_ln691_308_fu_4890_p2  |         +|   0|  0|  13|          10|          10|
    |add_ln691_309_fu_4900_p2  |         +|   0|  0|  12|          11|          11|
    |add_ln691_30_fu_3313_p2   |         +|   0|  0|  14|           7|           7|
    |add_ln691_310_fu_6237_p2  |         +|   0|  0|  12|          12|          12|
    |add_ln691_311_fu_4906_p2  |         +|   0|  0|  14|           9|           9|
    |add_ln691_312_fu_4915_p2  |         +|   0|  0|  13|          10|          10|
    |add_ln691_313_fu_4921_p2  |         +|   0|  0|  14|           9|           9|
    |add_ln691_314_fu_4930_p2  |         +|   0|  0|  14|           9|           9|
    |add_ln691_315_fu_4940_p2  |         +|   0|  0|  13|          10|          10|
    |add_ln691_316_fu_6253_p2  |         +|   0|  0|  12|          11|          11|
    |add_ln691_317_fu_4946_p2  |         +|   0|  0|  14|           9|           9|
    |add_ln691_318_fu_4956_p2  |         +|   0|  0|  13|          10|          10|
    |add_ln691_319_fu_4965_p2  |         +|   0|  0|  14|           9|           9|
    |add_ln691_31_fu_3319_p2   |         +|   0|  0|  14|           6|           6|
    |add_ln691_320_fu_4975_p2  |         +|   0|  0|  14|           9|           9|
    |add_ln691_321_fu_4985_p2  |         +|   0|  0|  13|          10|          10|
    |add_ln691_322_fu_4995_p2  |         +|   0|  0|  12|          11|          11|
    |add_ln691_323_fu_6266_p2  |         +|   0|  0|  12|          12|          12|
    |add_ln691_324_fu_6276_p2  |         +|   0|  0|  14|          13|          13|
    |add_ln691_325_fu_5001_p2  |         +|   0|  0|  20|           9|           9|
    |add_ln691_326_fu_5007_p2  |         +|   0|  0|  20|           9|           9|
    |add_ln691_327_fu_5013_p2  |         +|   0|  0|  14|           9|           9|
    |add_ln691_328_fu_5019_p2  |         +|   0|  0|  14|           9|           9|
    |add_ln691_329_fu_6291_p2  |         +|   0|  0|  20|          10|          10|
    |add_ln691_32_fu_3328_p2   |         +|   0|  0|  14|           6|           6|
    |add_ln691_330_fu_6297_p2  |         +|   0|  0|  20|          10|          10|
    |add_ln691_331_fu_5025_p2  |         +|   0|  0|  14|           9|           9|
    |add_ln691_332_fu_5035_p2  |         +|   0|  0|  14|           9|           9|
    |add_ln691_333_fu_5043_p2  |         +|   0|  0|  13|          10|          10|
    |add_ln691_334_fu_5053_p2  |         +|   0|  0|  14|           9|           9|
    |add_ln691_335_fu_5062_p2  |         +|   0|  0|  14|           9|           9|
    |add_ln691_336_fu_5071_p2  |         +|   0|  0|  13|          10|          10|
    |add_ln691_337_fu_5081_p2  |         +|   0|  0|  12|          11|          11|
    |add_ln691_338_fu_6310_p2  |         +|   0|  0|  12|          12|          12|
    |add_ln691_339_fu_5087_p2  |         +|   0|  0|  14|           9|           9|
    |add_ln691_33_fu_3338_p2   |         +|   0|  0|  14|           7|           7|
    |add_ln691_340_fu_5096_p2  |         +|   0|  0|  13|          10|          10|
    |add_ln691_341_fu_5106_p2  |         +|   0|  0|  14|           9|           9|
    |add_ln691_342_fu_5116_p2  |         +|   0|  0|  14|           9|           9|
    |add_ln691_343_fu_5125_p2  |         +|   0|  0|  13|          10|          10|
    |add_ln691_344_fu_5135_p2  |         +|   0|  0|  12|          11|          11|
    |add_ln691_345_fu_6319_p2  |         +|   0|  0|  20|           9|           9|
    |add_ln691_346_fu_6326_p2  |         +|   0|  0|  20|           9|           9|
    |add_ln691_347_fu_5141_p2  |         +|   0|  0|  14|           9|           9|
    |add_ln691_348_fu_5151_p2  |         +|   0|  0|  14|           9|           9|
    |add_ln691_349_fu_5161_p2  |         +|   0|  0|  13|          10|          10|
    |add_ln691_350_fu_6339_p2  |         +|   0|  0|  12|          11|          11|
    |add_ln691_351_fu_6349_p2  |         +|   0|  0|  12|          12|          12|
    |add_ln691_352_fu_6652_p2  |         +|   0|  0|  14|          13|          13|
    |add_ln691_353_fu_6662_p2  |         +|   0|  0|  17|          14|          14|
    |add_ln691_354_fu_6672_p2  |         +|   0|  0|  20|          15|          15|
    |add_ln691_356_fu_1012_p2  |         +|   0|  0|  13|          10|          10|
    |add_ln691_359_fu_1021_p2  |         +|   0|  0|  12|          11|          11|
    |add_ln691_35_fu_3344_p2   |         +|   0|  0|  14|           6|           6|
    |add_ln691_360_fu_660_p2   |         +|   0|  0|  14|           6|           6|
    |add_ln691_361_fu_669_p2   |         +|   0|  0|  14|           7|           7|
    |add_ln691_364_fu_5170_p2  |         +|   0|  0|  14|           7|           7|
    |add_ln691_365_fu_5176_p2  |         +|   0|  0|  14|           6|           6|
    |add_ln691_366_fu_5186_p2  |         +|   0|  0|  14|           7|           7|
    |add_ln691_369_fu_5195_p2  |         +|   0|  0|  12|          11|          11|
    |add_ln691_36_fu_3354_p2   |         +|   0|  0|  14|           6|           6|
    |add_ln691_370_fu_5205_p2  |         +|   0|  0|  12|          12|          12|
    |add_ln691_371_fu_5215_p2  |         +|   0|  0|  12|          11|          11|
    |add_ln691_372_fu_5225_p2  |         +|   0|  0|  12|          11|          11|
    |add_ln691_373_fu_5235_p2  |         +|   0|  0|  12|          12|          12|
    |add_ln691_374_fu_5245_p2  |         +|   0|  0|  14|          13|          13|
    |add_ln691_376_fu_6807_p2  |         +|   0|  0|  17|          14|          14|
    |add_ln691_377_fu_5251_p2  |         +|   0|  0|  20|          11|          11|
    |add_ln691_378_fu_5257_p2  |         +|   0|  0|  20|          11|          11|
    |add_ln691_379_fu_5267_p2  |         +|   0|  0|  12|          11|          11|
    |add_ln691_380_fu_5277_p2  |         +|   0|  0|  12|          11|          11|
    |add_ln691_381_fu_5287_p2  |         +|   0|  0|  12|          12|          12|
    |add_ln691_382_fu_5297_p2  |         +|   0|  0|  14|          13|          13|
    |add_ln691_383_fu_5303_p2  |         +|   0|  0|  12|          11|          11|
    |add_ln691_385_fu_6364_p2  |         +|   0|  0|  20|          12|          12|
    |add_ln691_386_fu_5309_p2  |         +|   0|  0|  14|           6|           6|
    |add_ln691_387_fu_5319_p2  |         +|   0|  0|  14|           6|           6|
    |add_ln691_388_fu_5329_p2  |         +|   0|  0|  14|           7|           7|
    |add_ln691_389_fu_6373_p2  |         +|   0|  0|  20|          12|          12|
    |add_ln691_38_fu_3364_p2   |         +|   0|  0|  12|          11|          11|
    |add_ln691_390_fu_6681_p2  |         +|   0|  0|  20|          13|          13|
    |add_ln691_391_fu_5335_p2  |         +|   0|  0|  14|           6|           6|
    |add_ln691_392_fu_5344_p2  |         +|   0|  0|  14|           7|           7|
    |add_ln691_393_fu_6382_p2  |         +|   0|  0|  15|           8|           8|
    |add_ln691_394_fu_5350_p2  |         +|   0|  0|  14|           6|           6|
    |add_ln691_395_fu_5359_p2  |         +|   0|  0|  14|           6|           6|
    |add_ln691_396_fu_5368_p2  |         +|   0|  0|  14|           7|           7|
    |add_ln691_397_fu_6395_p2  |         +|   0|  0|  15|           8|           8|
    |add_ln691_398_fu_6404_p2  |         +|   0|  0|  14|           9|           9|
    |add_ln691_399_fu_6689_p2  |         +|   0|  0|  20|          13|          13|
    |add_ln691_3_fu_3207_p2    |         +|   0|  0|  13|          10|          10|
    |add_ln691_400_fu_6839_p2  |         +|   0|  0|  20|          15|          15|
    |add_ln691_401_fu_5374_p2  |         +|   0|  0|  14|           6|           6|
    |add_ln691_402_fu_5384_p2  |         +|   0|  0|  14|           7|           7|
    |add_ln691_403_fu_5390_p2  |         +|   0|  0|  14|           6|           6|
    |add_ln691_404_fu_5400_p2  |         +|   0|  0|  14|           7|           7|
    |add_ln691_405_fu_6416_p2  |         +|   0|  0|  15|           8|           8|
    |add_ln691_406_fu_5406_p2  |         +|   0|  0|  14|           6|           6|
    |add_ln691_407_fu_5415_p2  |         +|   0|  0|  14|           6|           6|
    |add_ln691_408_fu_5423_p2  |         +|   0|  0|  14|           7|           7|
    |add_ln691_409_fu_5433_p2  |         +|   0|  0|  14|           6|           6|
    |add_ln691_40_fu_5638_p2   |         +|   0|  0|  12|          12|          12|
    |add_ln691_410_fu_5446_p2  |         +|   0|  0|  14|           7|           7|
    |add_ln691_411_fu_5456_p2  |         +|   0|  0|  15|           8|           8|
    |add_ln691_412_fu_6429_p2  |         +|   0|  0|  14|           9|           9|
    |add_ln691_413_fu_678_p2   |         +|   0|  0|  14|           6|           6|
    |add_ln691_414_fu_686_p2   |         +|   0|  0|  14|           7|           7|
    |add_ln691_415_fu_696_p2   |         +|   0|  0|  14|           6|           6|
    |add_ln691_416_fu_705_p2   |         +|   0|  0|  14|           6|           6|
    |add_ln691_417_fu_715_p2   |         +|   0|  0|  14|           7|           7|
    |add_ln691_418_fu_725_p2   |         +|   0|  0|  15|           8|           8|
    |add_ln691_419_fu_5462_p2  |         +|   0|  0|  14|           6|           6|
    |add_ln691_420_fu_5471_p2  |         +|   0|  0|  14|           6|           6|
    |add_ln691_421_fu_5481_p2  |         +|   0|  0|  14|           7|           7|
    |add_ln691_422_fu_5487_p2  |         +|   0|  0|  14|           6|           6|
    |add_ln691_423_fu_5497_p2  |         +|   0|  0|  14|           7|           7|
    |add_ln691_424_fu_6448_p2  |         +|   0|  0|  15|           8|           8|
    |add_ln691_425_fu_6458_p2  |         +|   0|  0|  14|           9|           9|
    |add_ln691_426_fu_6468_p2  |         +|   0|  0|  13|          10|          10|
    |add_ln691_427_fu_5503_p2  |         +|   0|  0|  14|           6|           6|
    |add_ln691_428_fu_5512_p2  |         +|   0|  0|  14|           7|           7|
    |add_ln691_429_fu_5522_p2  |         +|   0|  0|  14|           7|           7|
    |add_ln691_430_fu_5532_p2  |         +|   0|  0|  15|           8|           8|
    |add_ln691_431_fu_5538_p2  |         +|   0|  0|  14|           7|           7|
    |add_ln691_432_fu_5547_p2  |         +|   0|  0|  15|           8|           8|
    |add_ln691_433_fu_6480_p2  |         +|   0|  0|  14|           9|           9|
    |add_ln691_434_fu_5553_p2  |         +|   0|  0|  14|           6|           6|
    |add_ln691_435_fu_5561_p2  |         +|   0|  0|  14|           7|           7|
    |add_ln691_436_fu_6493_p2  |         +|   0|  0|  15|           8|           8|
    |add_ln691_437_fu_5567_p2  |         +|   0|  0|  14|           6|           6|
    |add_ln691_438_fu_5577_p2  |         +|   0|  0|  14|           6|           6|
    |add_ln691_439_fu_5587_p2  |         +|   0|  0|  14|           7|           7|
    |add_ln691_43_fu_3370_p2   |         +|   0|  0|  14|           6|           6|
    |add_ln691_440_fu_6508_p2  |         +|   0|  0|  15|           8|           8|
    |add_ln691_441_fu_6518_p2  |         +|   0|  0|  14|           9|           9|
    |add_ln691_442_fu_6528_p2  |         +|   0|  0|  13|          10|          10|
    |add_ln691_443_fu_6701_p2  |         +|   0|  0|  12|          11|          11|
    |add_ln691_444_fu_6848_p2  |         +|   0|  0|  20|          15|          15|
    |add_ln691_445_fu_6858_p2  |         +|   0|  0|  23|          16|          16|
    |add_ln691_446_fu_6875_p2  |         +|   0|  0|  20|          20|          20|
    |add_ln691_44_fu_3379_p2   |         +|   0|  0|  14|           7|           7|
    |add_ln691_45_fu_3389_p2   |         +|   0|  0|  14|           6|           6|
    |add_ln691_46_fu_626_p2    |         +|   0|  0|  14|           6|           6|
    |add_ln691_47_fu_3400_p2   |         +|   0|  0|  14|           7|           7|
    |add_ln691_48_fu_3410_p2   |         +|   0|  0|  15|           8|           8|
    |add_ln691_49_fu_631_p2    |         +|   0|  0|  14|           6|           6|
    |add_ln691_4_fu_3217_p2    |         +|   0|  0|  12|          11|          11|
    |add_ln691_50_fu_640_p2    |         +|   0|  0|  14|           6|           6|
    |add_ln691_51_fu_650_p2    |         +|   0|  0|  14|           7|           7|
    |add_ln691_52_fu_3416_p2   |         +|   0|  0|  14|           6|           6|
    |add_ln691_53_fu_3426_p2   |         +|   0|  0|  14|           6|           6|
    |add_ln691_54_fu_3436_p2   |         +|   0|  0|  14|           7|           7|
    |add_ln691_55_fu_5647_p2   |         +|   0|  0|  15|           8|           8|
    |add_ln691_58_fu_6816_p2   |         +|   0|  0|  20|          20|          20|
    |add_ln691_59_fu_3442_p2   |         +|   0|  0|  14|           6|           6|
    |add_ln691_5_fu_5609_p2    |         +|   0|  0|  20|          20|          20|
    |add_ln691_62_fu_3455_p2   |         +|   0|  0|  12|          11|          11|
    |add_ln691_63_fu_3465_p2   |         +|   0|  0|  12|          12|          12|
    |add_ln691_65_fu_3471_p2   |         +|   0|  0|  12|          11|          11|
    |add_ln691_66_fu_3481_p2   |         +|   0|  0|  12|          11|          11|
    |add_ln691_67_fu_3491_p2   |         +|   0|  0|  12|          12|          12|
    |add_ln691_68_fu_3497_p2   |         +|   0|  0|  12|          11|          11|
    |add_ln691_69_fu_3507_p2   |         +|   0|  0|  12|          11|          11|
    |add_ln691_6_fu_3223_p2    |         +|   0|  0|  13|          10|          10|
    |add_ln691_70_fu_3517_p2   |         +|   0|  0|  12|          12|          12|
    |add_ln691_71_fu_6716_p2   |         +|   0|  0|  20|          13|          13|
    |add_ln691_72_fu_6722_p2   |         +|   0|  0|  20|          13|          13|
    |add_ln691_73_fu_3523_p2   |         +|   0|  0|  20|          11|          11|
    |add_ln691_74_fu_3529_p2   |         +|   0|  0|  20|          11|          11|
    |add_ln691_75_fu_3535_p2   |         +|   0|  0|  12|          11|          11|
    |add_ln691_76_fu_3541_p2   |         +|   0|  0|  12|          11|          11|
    |add_ln691_77_fu_5661_p2   |         +|   0|  0|  20|          12|          12|
    |add_ln691_78_fu_5667_p2   |         +|   0|  0|  20|          12|          12|
    |add_ln691_79_fu_3547_p2   |         +|   0|  0|  12|          11|          11|
    |add_ln691_7_fu_3233_p2    |         +|   0|  0|  13|          10|          10|
    |add_ln691_80_fu_521_p2    |         +|   0|  0|  12|          11|          11|
    |add_ln691_81_fu_3560_p2   |         +|   0|  0|  12|          12|          12|
    |add_ln691_82_fu_3570_p2   |         +|   0|  0|  12|          11|          11|
    |add_ln691_83_fu_3580_p2   |         +|   0|  0|  12|          11|          11|
    |add_ln691_84_fu_3590_p2   |         +|   0|  0|  12|          12|          12|
    |add_ln691_85_fu_3600_p2   |         +|   0|  0|  14|          13|          13|
    |add_ln691_86_fu_6758_p2   |         +|   0|  0|  20|          14|          14|
    |add_ln691_87_fu_6764_p2   |         +|   0|  0|  20|          14|          14|
    |add_ln691_88_fu_3606_p2   |         +|   0|  0|  20|          11|          11|
    |add_ln691_89_fu_3612_p2   |         +|   0|  0|  20|          11|          11|
    |add_ln691_8_fu_3243_p2    |         +|   0|  0|  12|          11|          11|
    |add_ln691_90_fu_3618_p2   |         +|   0|  0|  12|          11|          11|
    |add_ln691_91_fu_3624_p2   |         +|   0|  0|  12|          11|          11|
    |add_ln691_92_fu_5682_p2   |         +|   0|  0|  20|          12|          12|
    |add_ln691_93_fu_5688_p2   |         +|   0|  0|  20|          12|          12|
    |add_ln691_94_fu_3630_p2   |         +|   0|  0|  12|          11|          11|
    |add_ln691_95_fu_3636_p2   |         +|   0|  0|  12|          11|          11|
    |add_ln691_96_fu_5700_p2   |         +|   0|  0|  12|          12|          12|
    |add_ln691_97_fu_3642_p2   |         +|   0|  0|  12|          11|          11|
    |add_ln691_98_fu_527_p2    |         +|   0|  0|  12|          11|          11|
    |add_ln691_99_fu_5712_p2   |         +|   0|  0|  12|          12|          12|
    |add_ln691_9_fu_3253_p2    |         +|   0|  0|  13|          10|          10|
    |add_ln691_fu_3191_p2      |         +|   0|  0|  13|          10|          10|
    |grp_fu_6919_p2            |         -|   0|  0|  13|          10|          10|
    |grp_fu_6927_p2            |         -|   0|  0|  13|          10|          10|
    |sub_ln691_100_fu_495_p2   |         -|   0|  0|  13|          10|          10|
    |sub_ln691_101_fu_504_p2   |         -|   0|  0|  13|          10|          10|
    |sub_ln691_102_fu_3025_p2  |         -|   0|  0|  13|          10|          10|
    |sub_ln691_103_fu_3034_p2  |         -|   0|  0|  13|          10|          10|
    |sub_ln691_104_fu_3044_p2  |         -|   0|  0|  13|          10|          10|
    |sub_ln691_105_fu_3054_p2  |         -|   0|  0|  13|          10|          10|
    |sub_ln691_106_fu_3064_p2  |         -|   0|  0|  13|          10|          10|
    |sub_ln691_107_fu_3074_p2  |         -|   0|  0|  13|          10|          10|
    |sub_ln691_108_fu_3084_p2  |         -|   0|  0|  13|          10|          10|
    |sub_ln691_109_fu_3094_p2  |         -|   0|  0|  13|          10|          10|
    |sub_ln691_10_fu_1831_p2   |         -|   0|  0|  15|           8|           8|
    |sub_ln691_110_fu_3104_p2  |         -|   0|  0|  13|          10|          10|
    |sub_ln691_111_fu_3114_p2  |         -|   0|  0|  13|          10|          10|
    |sub_ln691_112_fu_3124_p2  |         -|   0|  0|  13|          10|          10|
    |sub_ln691_113_fu_3134_p2  |         -|   0|  0|  13|          10|          10|
    |sub_ln691_114_fu_3144_p2  |         -|   0|  0|  13|          10|          10|
    |sub_ln691_115_fu_3154_p2  |         -|   0|  0|  13|          10|          10|
    |sub_ln691_116_fu_3163_p2  |         -|   0|  0|  13|          10|          10|
    |sub_ln691_117_fu_3173_p2  |         -|   0|  0|  13|          10|          10|
    |sub_ln691_118_fu_513_p2   |         -|   0|  0|  13|          10|          10|
    |sub_ln691_119_fu_3183_p2  |         -|   0|  0|  13|          10|          10|
    |sub_ln691_11_fu_1856_p2   |         -|   0|  0|  15|           8|           8|
    |sub_ln691_12_fu_1881_p2   |         -|   0|  0|  15|           8|           8|
    |sub_ln691_13_fu_1906_p2   |         -|   0|  0|  15|           8|           8|
    |sub_ln691_14_fu_1931_p2   |         -|   0|  0|  15|           8|           8|
    |sub_ln691_15_fu_1944_p2   |         -|   0|  0|  15|           8|           8|
    |sub_ln691_16_fu_1970_p2   |         -|   0|  0|  15|           8|           8|
    |sub_ln691_17_fu_2000_p2   |         -|   0|  0|  15|           8|           8|
    |sub_ln691_18_fu_2013_p2   |         -|   0|  0|  15|           8|           8|
    |sub_ln691_19_fu_2042_p2   |         -|   0|  0|  15|           8|           8|
    |sub_ln691_1_fu_1602_p2    |         -|   0|  0|  15|           8|           8|
    |sub_ln691_20_fu_2061_p2   |         -|   0|  0|  20|           9|           9|
    |sub_ln691_21_fu_2076_p2   |         -|   0|  0|  14|           9|           9|
    |sub_ln691_22_fu_2095_p2   |         -|   0|  0|  20|           9|           9|
    |sub_ln691_23_fu_2115_p2   |         -|   0|  0|  14|           9|           9|
    |sub_ln691_24_fu_2134_p2   |         -|   0|  0|  14|           9|           9|
    |sub_ln691_25_fu_2153_p2   |         -|   0|  0|  14|           9|           9|
    |sub_ln691_26_fu_2172_p2   |         -|   0|  0|  14|           9|           9|
    |sub_ln691_27_fu_2182_p2   |         -|   0|  0|  14|           9|           9|
    |sub_ln691_28_fu_2191_p2   |         -|   0|  0|  14|           9|           9|
    |sub_ln691_29_fu_2200_p2   |         -|   0|  0|  14|           9|           9|
    |sub_ln691_2_fu_1627_p2    |         -|   0|  0|  20|           8|           8|
    |sub_ln691_30_fu_2209_p2   |         -|   0|  0|  14|           9|           9|
    |sub_ln691_31_fu_2221_p2   |         -|   0|  0|  14|           9|           9|
    |sub_ln691_32_fu_2230_p2   |         -|   0|  0|  14|           9|           9|
    |sub_ln691_33_fu_2252_p2   |         -|   0|  0|  14|           9|           9|
    |sub_ln691_34_fu_2262_p2   |         -|   0|  0|  14|           9|           9|
    |sub_ln691_35_fu_2281_p2   |         -|   0|  0|  14|           9|           9|
    |sub_ln691_36_fu_2301_p2   |         -|   0|  0|  14|           9|           9|
    |sub_ln691_37_fu_2321_p2   |         -|   0|  0|  14|           9|           9|
    |sub_ln691_38_fu_2334_p2   |         -|   0|  0|  14|           9|           9|
    |sub_ln691_39_fu_2347_p2   |         -|   0|  0|  14|           9|           9|
    |sub_ln691_3_fu_1652_p2    |         -|   0|  0|  15|           8|           8|
    |sub_ln691_40_fu_2357_p2   |         -|   0|  0|  14|           9|           9|
    |sub_ln691_41_fu_2367_p2   |         -|   0|  0|  14|           9|           9|
    |sub_ln691_42_fu_2377_p2   |         -|   0|  0|  14|           9|           9|
    |sub_ln691_43_fu_2387_p2   |         -|   0|  0|  14|           9|           9|
    |sub_ln691_44_fu_2397_p2   |         -|   0|  0|  14|           9|           9|
    |sub_ln691_45_fu_2407_p2   |         -|   0|  0|  14|           9|           9|
    |sub_ln691_46_fu_2417_p2   |         -|   0|  0|  14|           9|           9|
    |sub_ln691_47_fu_863_p2    |         -|   0|  0|  14|           9|           9|
    |sub_ln691_48_fu_873_p2    |         -|   0|  0|  14|           9|           9|
    |sub_ln691_49_fu_883_p2    |         -|   0|  0|  14|           9|           9|
    |sub_ln691_4_fu_1677_p2    |         -|   0|  0|  15|           8|           8|
    |sub_ln691_50_fu_893_p2    |         -|   0|  0|  14|           9|           9|
    |sub_ln691_51_fu_903_p2    |         -|   0|  0|  14|           9|           9|
    |sub_ln691_52_fu_913_p2    |         -|   0|  0|  14|           9|           9|
    |sub_ln691_53_fu_2427_p2   |         -|   0|  0|  14|           9|           9|
    |sub_ln691_54_fu_923_p2    |         -|   0|  0|  14|           9|           9|
    |sub_ln691_55_fu_2437_p2   |         -|   0|  0|  14|           9|           9|
    |sub_ln691_56_fu_2447_p2   |         -|   0|  0|  14|           9|           9|
    |sub_ln691_57_fu_2457_p2   |         -|   0|  0|  14|           9|           9|
    |sub_ln691_58_fu_2467_p2   |         -|   0|  0|  14|           9|           9|
    |sub_ln691_59_fu_2477_p2   |         -|   0|  0|  14|           9|           9|
    |sub_ln691_5_fu_1702_p2    |         -|   0|  0|  15|           8|           8|
    |sub_ln691_60_fu_2490_p2   |         -|   0|  0|  13|          10|          10|
    |sub_ln691_62_fu_2514_p2   |         -|   0|  0|  13|          10|          10|
    |sub_ln691_63_fu_2535_p2   |         -|   0|  0|  13|          10|          10|
    |sub_ln691_64_fu_2556_p2   |         -|   0|  0|  13|          10|          10|
    |sub_ln691_65_fu_2577_p2   |         -|   0|  0|  13|          10|          10|
    |sub_ln691_66_fu_2598_p2   |         -|   0|  0|  13|          10|          10|
    |sub_ln691_67_fu_2619_p2   |         -|   0|  0|  13|          10|          10|
    |sub_ln691_68_fu_2640_p2   |         -|   0|  0|  13|          10|          10|
    |sub_ln691_69_fu_2661_p2   |         -|   0|  0|  13|          10|          10|
    |sub_ln691_6_fu_1727_p2    |         -|   0|  0|  15|           8|           8|
    |sub_ln691_70_fu_2686_p2   |         -|   0|  0|  13|          10|          10|
    |sub_ln691_71_fu_2707_p2   |         -|   0|  0|  13|          10|          10|
    |sub_ln691_72_fu_2728_p2   |         -|   0|  0|  13|          10|          10|
    |sub_ln691_73_fu_2749_p2   |         -|   0|  0|  13|          10|          10|
    |sub_ln691_74_fu_2770_p2   |         -|   0|  0|  13|          10|          10|
    |sub_ln691_75_fu_945_p2    |         -|   0|  0|  13|          10|          10|
    |sub_ln691_76_fu_2795_p2   |         -|   0|  0|  13|          10|          10|
    |sub_ln691_77_fu_2821_p2   |         -|   0|  0|  13|          10|          10|
    |sub_ln691_78_fu_403_p2    |         -|   0|  0|  13|          10|          10|
    |sub_ln691_79_fu_2831_p2   |         -|   0|  0|  13|          10|          10|
    |sub_ln691_7_fu_1752_p2    |         -|   0|  0|  15|           8|           8|
    |sub_ln691_81_fu_2840_p2   |         -|   0|  0|  13|          10|          10|
    |sub_ln691_82_fu_2849_p2   |         -|   0|  0|  13|          10|          10|
    |sub_ln691_83_fu_2859_p2   |         -|   0|  0|  13|          10|          10|
    |sub_ln691_84_fu_2869_p2   |         -|   0|  0|  13|          10|          10|
    |sub_ln691_85_fu_2879_p2   |         -|   0|  0|  13|          10|          10|
    |sub_ln691_86_fu_2889_p2   |         -|   0|  0|  13|          10|          10|
    |sub_ln691_87_fu_2899_p2   |         -|   0|  0|  13|          10|          10|
    |sub_ln691_88_fu_2909_p2   |         -|   0|  0|  13|          10|          10|
    |sub_ln691_89_fu_2919_p2   |         -|   0|  0|  13|          10|          10|
    |sub_ln691_8_fu_1781_p2    |         -|   0|  0|  15|           8|           8|
    |sub_ln691_90_fu_2929_p2   |         -|   0|  0|  13|          10|          10|
    |sub_ln691_91_fu_2939_p2   |         -|   0|  0|  13|          10|          10|
    |sub_ln691_92_fu_2949_p2   |         -|   0|  0|  13|          10|          10|
    |sub_ln691_93_fu_2959_p2   |         -|   0|  0|  13|          10|          10|
    |sub_ln691_94_fu_2969_p2   |         -|   0|  0|  13|          10|          10|
    |sub_ln691_95_fu_2979_p2   |         -|   0|  0|  13|          10|          10|
    |sub_ln691_96_fu_2988_p2   |         -|   0|  0|  13|          10|          10|
    |sub_ln691_97_fu_2998_p2   |         -|   0|  0|  13|          10|          10|
    |sub_ln691_98_fu_3008_p2   |         -|   0|  0|  13|          10|          10|
    |sub_ln691_99_fu_3017_p2   |         -|   0|  0|  13|          10|          10|
    |sub_ln691_9_fu_1806_p2    |         -|   0|  0|  15|           8|           8|
    |sub_ln691_fu_1590_p2      |         -|   0|  0|  20|           8|           8|
    |ap_enable_pp0             |       xor|   0|  0|   2|           1|           2|
    +--------------------------+----------+----+---+----+------------+------------+
    |Total                     |          |   0|  0|7807|        5325|        5326|
    +--------------------------+----------+----+---+----+------------+------------+

    * Multiplexer: 
    +-------------------------+----+-----------+-----+-----------+
    |           Name          | LUT| Input Size| Bits| Total Bits|
    +-------------------------+----+-----------+-----+-----------+
    |A_address0               |  59|         11|    5|         55|
    |A_address1               |  59|         11|    5|         55|
    |ap_NS_fsm                |  59|         11|    1|         11|
    |ap_enable_reg_pp0_iter0  |   9|          2|    1|          2|
    |ap_enable_reg_pp0_iter2  |   9|          2|    1|          2|
    |reg_287                  |   9|          2|    8|         16|
    +-------------------------+----+-----------+-----+-----------+
    |Total                    | 204|         39|   21|        141|
    +-------------------------+----+-----------+-----+-----------+

    * Register: 
    +-----------------------------+----+----+-----+-----------+
    |             Name            | FF | LUT| Bits| Const Bits|
    +-----------------------------+----+----+-----+-----------+
    |A_load_10_reg_7525           |   8|   0|    8|          0|
    |A_load_11_reg_7530           |   8|   0|    8|          0|
    |A_load_12_reg_7582           |   8|   0|    8|          0|
    |A_load_13_reg_7587           |   8|   0|    8|          0|
    |A_load_1_reg_7102            |   8|   0|    8|          0|
    |A_load_2_reg_7058            |   8|   0|    8|          0|
    |A_load_4_reg_7107            |   8|   0|    8|          0|
    |A_load_5_reg_7219            |   8|   0|    8|          0|
    |A_load_6_reg_7327            |   8|   0|    8|          0|
    |A_load_8_reg_7431            |   8|   0|    8|          0|
    |A_load_9_reg_7436            |   8|   0|    8|          0|
    |A_load_reg_7048              |   8|   0|    8|          0|
    |acc_V                        |  20|   0|   20|          0|
    |add_ln691_107_reg_7989       |   8|   0|   12|          4|
    |add_ln691_108_reg_7994       |   6|   0|   10|          4|
    |add_ln691_112_reg_7999       |   7|   0|   11|          4|
    |add_ln691_114_reg_8421       |   9|   0|   13|          4|
    |add_ln691_115_reg_8521       |  14|   0|   14|          0|
    |add_ln691_116_reg_8561       |  15|   0|   15|          0|
    |add_ln691_117_reg_8581       |  20|   0|   20|          0|
    |add_ln691_119_reg_8004       |   7|   0|   11|          4|
    |add_ln691_122_reg_8009       |   7|   0|   11|          4|
    |add_ln691_12_reg_7884        |  11|   0|   12|          1|
    |add_ln691_130_reg_8014       |   8|   0|   12|          4|
    |add_ln691_133_reg_8019       |   7|   0|   11|          4|
    |add_ln691_136_reg_8024       |   7|   0|   11|          4|
    |add_ln691_144_reg_8029       |  11|   0|   12|          1|
    |add_ln691_146_reg_8426       |  13|   0|   14|          1|
    |add_ln691_148_reg_8034       |  10|   0|   11|          1|
    |add_ln691_151_reg_8039       |  10|   0|   11|          1|
    |add_ln691_158_reg_7828       |   9|   0|   10|          1|
    |add_ln691_159_reg_8044       |  10|   0|   11|          1|
    |add_ln691_15_reg_7889        |   7|   0|    8|          1|
    |add_ln691_166_reg_8049       |   8|   0|    9|          1|
    |add_ln691_169_reg_8054       |   7|   0|    8|          1|
    |add_ln691_16_reg_7894        |   9|   0|   10|          1|
    |add_ln691_170_reg_8059       |   6|   0|    7|          1|
    |add_ln691_171_reg_8064       |   6|   0|    7|          1|
    |add_ln691_175_reg_8431       |  12|   0|   13|          1|
    |add_ln691_177_reg_8070       |   8|   0|    8|          0|
    |add_ln691_179_reg_8075       |   8|   0|    8|          0|
    |add_ln691_180_reg_8080       |   9|   0|    9|          0|
    |add_ln691_185_reg_8085       |  10|   0|   10|          0|
    |add_ln691_188_reg_8090       |  10|   0|   10|          0|
    |add_ln691_190_reg_8436       |  12|   0|   12|          0|
    |add_ln691_192_reg_8095       |   9|   0|    9|          0|
    |add_ln691_193_reg_8100       |   9|   0|    9|          0|
    |add_ln691_194_reg_8105       |   9|   0|    9|          0|
    |add_ln691_199_reg_8110       |  10|   0|   10|          0|
    |add_ln691_19_reg_8386        |  11|   0|   11|          0|
    |add_ln691_202_reg_8115       |   7|   0|    9|          2|
    |add_ln691_204_reg_8441       |  12|   0|   12|          0|
    |add_ln691_20_reg_7302        |  11|   0|   11|          0|
    |add_ln691_211_reg_8120       |   8|   0|   10|          2|
    |add_ln691_214_reg_8125       |   7|   0|    9|          2|
    |add_ln691_217_reg_8130       |   7|   0|    9|          2|
    |add_ln691_21_reg_7307        |   6|   0|    6|          0|
    |add_ln691_225_reg_8135       |   8|   0|   10|          2|
    |add_ln691_228_reg_8140       |   7|   0|    9|          2|
    |add_ln691_22_reg_7572        |  12|   0|   12|          0|
    |add_ln691_231_reg_8145       |   7|   0|    9|          2|
    |add_ln691_234_reg_8446       |  10|   0|   12|          2|
    |add_ln691_235_reg_8526       |  13|   0|   13|          0|
    |add_ln691_236_reg_8556       |  15|   0|   15|          0|
    |add_ln691_238_reg_8150       |   8|   0|    9|          1|
    |add_ln691_240_reg_8155       |   8|   0|    9|          1|
    |add_ln691_241_reg_8160       |   9|   0|   10|          1|
    |add_ln691_250_reg_8165       |  11|   0|   12|          1|
    |add_ln691_251_reg_8451       |  12|   0|   13|          1|
    |add_ln691_253_reg_8170       |   9|   0|   10|          1|
    |add_ln691_254_reg_8175       |   9|   0|   10|          1|
    |add_ln691_255_reg_8180       |   9|   0|   10|          1|
    |add_ln691_264_reg_8185       |  12|   0|   12|          0|
    |add_ln691_265_reg_8456       |  13|   0|   13|          0|
    |add_ln691_268_reg_7833       |  10|   0|   10|          0|
    |add_ln691_269_reg_7838       |  10|   0|   10|          0|
    |add_ln691_26_reg_7818        |  13|   0|   13|          0|
    |add_ln691_270_reg_7843       |  10|   0|   10|          0|
    |add_ln691_272_reg_8190       |  11|   0|   11|          0|
    |add_ln691_273_reg_8195       |  10|   0|   10|          0|
    |add_ln691_274_reg_8200       |  10|   0|   10|          0|
    |add_ln691_278_reg_8205       |  11|   0|   11|          0|
    |add_ln691_286_reg_8210       |   8|   0|   11|          3|
    |add_ln691_289_reg_8215       |   7|   0|   10|          3|
    |add_ln691_28_reg_8511        |  20|   0|   20|          0|
    |add_ln691_292_reg_8220       |   7|   0|   10|          3|
    |add_ln691_295_reg_8461       |  13|   0|   13|          0|
    |add_ln691_298_reg_8225       |   7|   0|   10|          3|
    |add_ln691_29_reg_7647        |   6|   0|    6|          0|
    |add_ln691_301_reg_8230       |   7|   0|   10|          3|
    |add_ln691_309_reg_8235       |   8|   0|   11|          3|
    |add_ln691_30_reg_7899        |   7|   0|    7|          0|
    |add_ln691_312_reg_8240       |   7|   0|   10|          3|
    |add_ln691_315_reg_8245       |   7|   0|   10|          3|
    |add_ln691_322_reg_8250       |  10|   0|   11|          1|
    |add_ln691_324_reg_8466       |  12|   0|   13|          1|
    |add_ln691_326_reg_8255       |   8|   0|    9|          1|
    |add_ln691_327_reg_8260       |   8|   0|    9|          1|
    |add_ln691_328_reg_8265       |   8|   0|    9|          1|
    |add_ln691_337_reg_8270       |  10|   0|   11|          1|
    |add_ln691_338_reg_8471       |  11|   0|   12|          1|
    |add_ln691_33_reg_7904        |   7|   0|    7|          0|
    |add_ln691_344_reg_8275       |  10|   0|   11|          1|
    |add_ln691_349_reg_8280       |   9|   0|   10|          1|
    |add_ln691_351_reg_8476       |  11|   0|   12|          1|
    |add_ln691_354_reg_8531       |  15|   0|   15|          0|
    |add_ln691_355_reg_7317       |  10|   0|   10|          0|
    |add_ln691_357_reg_7426       |  10|   0|   10|          0|
    |add_ln691_358_reg_7577       |  11|   0|   11|          0|
    |add_ln691_359_reg_7848       |  11|   0|   11|          0|
    |add_ln691_363_reg_8481       |  13|   0|   13|          0|
    |add_ln691_364_reg_8290       |   7|   0|    7|          0|
    |add_ln691_366_reg_8295       |   7|   0|    7|          0|
    |add_ln691_368_reg_7520       |  10|   0|   10|          0|
    |add_ln691_374_reg_8300       |  13|   0|   13|          0|
    |add_ln691_376_reg_8576       |  14|   0|   14|          0|
    |add_ln691_382_reg_8305       |  11|   0|   13|          2|
    |add_ln691_383_reg_8310       |   9|   0|   11|          2|
    |add_ln691_384_reg_8315       |  11|   0|   11|          0|
    |add_ln691_388_reg_8320       |   7|   0|    7|          0|
    |add_ln691_389_reg_8491       |  12|   0|   12|          0|
    |add_ln691_38_reg_7909        |   9|   0|   11|          2|
    |add_ln691_392_reg_8326       |   7|   0|    7|          0|
    |add_ln691_396_reg_8331       |   7|   0|    7|          0|
    |add_ln691_398_reg_8496       |   9|   0|    9|          0|
    |add_ln691_399_reg_8536       |  13|   0|   13|          0|
    |add_ln691_39_reg_7411        |  11|   0|   11|          0|
    |add_ln691_402_reg_8336       |   7|   0|    7|          0|
    |add_ln691_404_reg_8341       |   7|   0|    7|          0|
    |add_ln691_40_reg_8391        |  12|   0|   12|          0|
    |add_ln691_411_reg_8346       |   8|   0|    8|          0|
    |add_ln691_418_reg_7669       |   8|   0|    8|          0|
    |add_ln691_41_reg_8546        |  13|   0|   13|          0|
    |add_ln691_421_reg_8351       |   7|   0|    7|          0|
    |add_ln691_423_reg_8356       |   7|   0|    7|          0|
    |add_ln691_426_reg_8501       |  10|   0|   10|          0|
    |add_ln691_430_reg_8361       |   8|   0|    8|          0|
    |add_ln691_432_reg_8366       |   8|   0|    8|          0|
    |add_ln691_435_reg_8371       |   7|   0|    7|          0|
    |add_ln691_439_reg_8376       |   7|   0|    7|          0|
    |add_ln691_442_reg_8506       |  10|   0|   10|          0|
    |add_ln691_443_reg_8541       |  11|   0|   11|          0|
    |add_ln691_445_reg_8586       |  16|   0|   16|          0|
    |add_ln691_46_reg_7652        |   6|   0|    6|          0|
    |add_ln691_48_reg_7914        |   8|   0|    8|          0|
    |add_ln691_4_reg_7879         |  10|   0|   11|          1|
    |add_ln691_54_reg_7919        |   7|   0|    7|          0|
    |add_ln691_55_reg_8396        |   8|   0|    8|          0|
    |add_ln691_5_reg_8381         |  20|   0|   20|          0|
    |add_ln691_61_reg_7510        |  10|   0|   10|          0|
    |add_ln691_63_reg_7924        |  12|   0|   12|          0|
    |add_ln691_67_reg_7929        |  11|   0|   12|          1|
    |add_ln691_70_reg_7934        |  11|   0|   12|          1|
    |add_ln691_72_reg_8551        |  13|   0|   13|          0|
    |add_ln691_74_reg_7939        |  10|   0|   11|          1|
    |add_ln691_75_reg_7944        |  10|   0|   11|          1|
    |add_ln691_76_reg_7949        |  10|   0|   11|          1|
    |add_ln691_78_reg_8401        |  11|   0|   12|          1|
    |add_ln691_80_reg_7416        |  11|   0|   11|          0|
    |add_ln691_85_reg_7954        |  13|   0|   13|          0|
    |add_ln691_89_reg_7959        |  11|   0|   11|          0|
    |add_ln691_90_reg_7964        |  11|   0|   11|          0|
    |add_ln691_91_reg_7969        |  11|   0|   11|          0|
    |add_ln691_93_reg_8406        |  12|   0|   12|          0|
    |add_ln691_94_reg_7974        |  11|   0|   11|          0|
    |add_ln691_95_reg_7979        |  11|   0|   11|          0|
    |add_ln691_96_reg_8411        |  12|   0|   12|          0|
    |add_ln691_97_reg_7984        |  11|   0|   11|          0|
    |add_ln691_98_reg_7421        |  11|   0|   11|          0|
    |add_ln691_99_reg_8416        |  12|   0|   12|          0|
    |add_ln691_reg_7873           |   6|   0|   10|          4|
    |ap_CS_fsm                    |  10|   0|   10|          0|
    |ap_enable_reg_pp0_iter0_reg  |   1|   0|    1|          0|
    |ap_enable_reg_pp0_iter1      |   1|   0|    1|          0|
    |ap_enable_reg_pp0_iter2      |   1|   0|    1|          0|
    |reg_287                      |   8|   0|    8|          0|
    |reg_292                      |   8|   0|    8|          0|
    |sext_ln215_11_reg_7138       |  10|   0|   10|          0|
    |sext_ln215_19_reg_7451       |   6|   0|    6|          0|
    |sext_ln215_1_reg_7080        |  10|   0|   10|          0|
    |sext_ln215_23_reg_7252       |   6|   0|    6|          0|
    |sext_ln215_27_reg_7458       |   6|   0|    6|          0|
    |sext_ln215_31_reg_7467       |   6|   0|    6|          0|
    |sext_ln215_40_reg_7483       |   6|   0|    6|          0|
    |sext_ln215_48_reg_7607       |   6|   0|    6|          0|
    |sext_ln215_52_reg_7613       |   6|   0|    6|          0|
    |sext_ln215_6_reg_7132        |  10|   0|   10|          0|
    |sext_ln215_79_reg_7175       |  10|   0|   10|          0|
    |sext_ln215_9_reg_7234        |   6|   0|    6|          0|
    |sext_ln691_122_reg_7274      |   8|   0|   10|          2|
    |sext_ln691_142_reg_7731      |   6|   0|    9|          3|
    |sext_ln691_144_reg_7739      |   6|   0|    9|          3|
    |sext_ln691_146_reg_7747      |   6|   0|    9|          3|
    |sext_ln691_148_reg_7755      |   6|   0|    9|          3|
    |sext_ln691_151_reg_7768      |   6|   0|    9|          3|
    |sext_ln691_153_reg_7775      |   6|   0|    9|          3|
    |sext_ln691_158_reg_7783      |   6|   0|    9|          3|
    |sext_ln691_160_reg_7863      |   6|   0|    9|          3|
    |sext_ln691_166_reg_7203      |   7|   0|   10|          3|
    |sext_ln691_193_reg_7387      |   6|   0|   10|          4|
    |sext_ln691_196_reg_7394      |   6|   0|   10|          4|
    |sext_ln691_1_reg_7192        |  10|   0|   10|          0|
    |sext_ln691_226_reg_7796      |   6|   0|   10|          4|
    |sext_ln691_234_reg_7289      |   6|   0|   10|          4|
    |sext_ln691_236_reg_7809      |   6|   0|   10|          4|
    |sext_ln691_296_reg_7505      |   7|   0|    7|          0|
    |sext_ln691_319_reg_7657      |   7|   0|    7|          0|
    |sext_ln691_321_reg_7662      |   8|   0|    8|          0|
    |sext_ln691_414_reg_7823      |   9|   0|   10|          1|
    |sext_ln691_49_reg_7853       |   8|   0|    9|          1|
    |sext_ln691_607_reg_8486      |   8|   0|    8|          0|
    |sext_ln691_62_reg_7858       |   8|   0|    9|          1|
    |sext_ln691_64_reg_7721       |   9|   0|   10|          1|
    |sext_ln691_6_reg_7371        |   9|   0|   10|          1|
    |sext_ln691_8_reg_7710        |   6|   0|    7|          1|
    |shl_ln691_18_reg_7715        |   5|   0|    6|          1|
    |shl_ln691_1_reg_7704         |   5|   0|    6|          1|
    |shl_ln691_20_reg_7376        |   5|   0|    7|          2|
    |shl_ln691_34_reg_7726        |   5|   0|    7|          2|
    |shl_ln691_37_reg_7269        |   5|   0|    7|          2|
    |shl_ln691_49_reg_7763        |   5|   0|    8|          3|
    |shl_ln691_56_reg_7198        |   5|   0|    8|          3|
    |shl_ln691_57_reg_7279        |   5|   0|    8|          3|
    |shl_ln691_58_reg_7382        |   5|   0|    9|          4|
    |shl_ln691_73_reg_7791        |   5|   0|    9|          4|
    |shl_ln691_76_reg_7209        |   5|   0|    9|          4|
    |shl_ln_reg_7365              |   5|   0|    6|          1|
    |trunc_ln215_10_reg_7545      |   5|   0|    5|          0|
    |trunc_ln215_11_reg_7556      |   5|   0|    5|          0|
    |trunc_ln215_12_reg_7619      |   5|   0|    5|          0|
    |trunc_ln215_13_reg_7630      |   5|   0|    5|          0|
    |trunc_ln215_14_reg_7684      |   5|   0|    5|          0|
    |trunc_ln215_15_reg_7694      |   5|   0|    5|          0|
    |trunc_ln215_18_reg_7165      |   5|   0|    5|          0|
    |trunc_ln215_19_reg_7181      |   5|   0|    5|          0|
    |trunc_ln215_1_reg_7122       |   5|   0|    5|          0|
    |trunc_ln215_2_reg_7086       |   5|   0|    5|          0|
    |trunc_ln215_3_reg_7240       |   5|   0|    5|          0|
    |trunc_ln215_4_reg_7144       |   5|   0|    5|          0|
    |trunc_ln215_5_reg_7258       |   5|   0|    5|          0|
    |trunc_ln215_6_reg_7342       |   5|   0|    5|          0|
    |trunc_ln215_7_reg_7353       |   5|   0|    5|          0|
    |trunc_ln215_8_reg_7473       |   5|   0|    5|          0|
    |trunc_ln215_9_reg_7489       |   5|   0|    5|          0|
    |trunc_ln215_reg_7068         |   5|   0|    5|          0|
    +-----------------------------+----+----+-----+-----------+
    |Total                        |2110|   0| 2320|        210|
    +-----------------------------+----+----+-----+-----------+



================================================================
== Interface
================================================================
* Summary: 
+------------+-----+-----+------------+---------------+--------------+
|  RTL Ports | Dir | Bits|  Protocol  | Source Object |    C Type    |
+------------+-----+-----+------------+---------------+--------------+
|ap_clk      |   in|    1|  ap_ctrl_hs|  loop_pipeline|  return value|
|ap_rst      |   in|    1|  ap_ctrl_hs|  loop_pipeline|  return value|
|ap_start    |   in|    1|  ap_ctrl_hs|  loop_pipeline|  return value|
|ap_done     |  out|    1|  ap_ctrl_hs|  loop_pipeline|  return value|
|ap_idle     |  out|    1|  ap_ctrl_hs|  loop_pipeline|  return value|
|ap_ready    |  out|    1|  ap_ctrl_hs|  loop_pipeline|  return value|
|ap_return   |  out|   20|  ap_ctrl_hs|  loop_pipeline|  return value|
|A_address0  |  out|    5|   ap_memory|              A|         array|
|A_ce0       |  out|    1|   ap_memory|              A|         array|
|A_q0        |   in|    8|   ap_memory|              A|         array|
|A_address1  |  out|    5|   ap_memory|              A|         array|
|A_ce1       |  out|    1|   ap_memory|              A|         array|
|A_q1        |   in|    8|   ap_memory|              A|         array|
+------------+-----+-----+------------+---------------+--------------+

